{"/Users/tom/Tom_MACFolders/Projects/gtech-assignment/todos/src/getTodos.js": {"path":"/Users/tom/Tom_MACFolders/Projects/gtech-assignment/todos/src/getTodos.js","statementMap":{"0":{"start":{"line":1,"column":11},"end":{"line":1,"column":24}},"1":{"start":{"line":2,"column":19},"end":{"line":2,"column":41}},"2":{"start":{"line":3,"column":13},"end":{"line":3,"column":28}},"3":{"start":{"line":6,"column":14},"end":{"line":6,"column":16}},"4":{"start":{"line":7,"column":16},"end":{"line":7,"column":35}},"5":{"start":{"line":8,"column":2},"end":{"line":16,"column":5}},"6":{"start":{"line":9,"column":19},"end":{"line":9,"column":39}},"7":{"start":{"line":10,"column":4},"end":{"line":15,"column":5}},"8":{"start":{"line":11,"column":16},"end":{"line":11,"column":34}},"9":{"start":{"line":12,"column":6},"end":{"line":12,"column":30}},"10":{"start":{"line":14,"column":6},"end":{"line":14,"column":27}},"11":{"start":{"line":17,"column":2},"end":{"line":17,"column":15}},"12":{"start":{"line":21,"column":14},"end":{"line":21,"column":16}},"13":{"start":{"line":22,"column":16},"end":{"line":22,"column":45}},"14":{"start":{"line":23,"column":2},"end":{"line":32,"column":3}},"15":{"start":{"line":24,"column":23},"end":{"line":24,"column":43}},"16":{"start":{"line":25,"column":17},"end":{"line":25,"column":53}},"17":{"start":{"line":26,"column":4},"end":{"line":31,"column":5}},"18":{"start":{"line":27,"column":16},"end":{"line":27,"column":49}},"19":{"start":{"line":28,"column":6},"end":{"line":28,"column":30}},"20":{"start":{"line":30,"column":6},"end":{"line":30,"column":31}},"21":{"start":{"line":33,"column":2},"end":{"line":33,"column":15}},"22":{"start":{"line":37,"column":2},"end":{"line":42,"column":3}},"23":{"start":{"line":38,"column":17},"end":{"line":38,"column":48}},"24":{"start":{"line":39,"column":4},"end":{"line":39,"column":16}},"25":{"start":{"line":41,"column":4},"end":{"line":41,"column":21}},"26":{"start":{"line":46,"column":15},"end":{"line":46,"column":62}},"27":{"start":{"line":47,"column":2},"end":{"line":47,"column":35}},"28":{"start":{"line":51,"column":18},"end":{"line":51,"column":20}},"29":{"start":{"line":52,"column":2},"end":{"line":56,"column":3}},"30":{"start":{"line":53,"column":4},"end":{"line":55,"column":5}},"31":{"start":{"line":54,"column":6},"end":{"line":54,"column":27}},"32":{"start":{"line":57,"column":2},"end":{"line":57,"column":19}},"33":{"start":{"line":61,"column":2},"end":{"line":67,"column":3}},"34":{"start":{"line":62,"column":21},"end":{"line":62,"column":53}},"35":{"start":{"line":63,"column":22},"end":{"line":63,"column":76}},"36":{"start":{"line":64,"column":4},"end":{"line":64,"column":21}},"37":{"start":{"line":66,"column":4},"end":{"line":66,"column":21}},"38":{"start":{"line":70,"column":0},"end":{"line":70,"column":35}},"39":{"start":{"line":71,"column":0},"end":{"line":71,"column":45}},"40":{"start":{"line":72,"column":0},"end":{"line":72,"column":35}},"41":{"start":{"line":73,"column":0},"end":{"line":73,"column":45}},"42":{"start":{"line":74,"column":0},"end":{"line":74,"column":43}},"43":{"start":{"line":75,"column":0},"end":{"line":75,"column":43}}},"fnMap":{"0":{"name":"getFiles","decl":{"start":{"line":5,"column":9},"end":{"line":5,"column":17}},"loc":{"start":{"line":5,"column":23},"end":{"line":18,"column":1}},"line":5},"1":{"name":"(anonymous_1)","decl":{"start":{"line":8,"column":16},"end":{"line":8,"column":17}},"loc":{"start":{"line":8,"column":26},"end":{"line":16,"column":3}},"line":8},"2":{"name":"getFilesAsync","decl":{"start":{"line":20,"column":15},"end":{"line":20,"column":28}},"loc":{"start":{"line":20,"column":34},"end":{"line":34,"column":1}},"line":20},"3":{"name":"readFile","decl":{"start":{"line":36,"column":15},"end":{"line":36,"column":23}},"loc":{"start":{"line":36,"column":30},"end":{"line":43,"column":1}},"line":36},"4":{"name":"containsTerms","decl":{"start":{"line":45,"column":15},"end":{"line":45,"column":28}},"loc":{"start":{"line":45,"column":47},"end":{"line":48,"column":1}},"line":45},"5":{"name":"getTodoFiles","decl":{"start":{"line":50,"column":15},"end":{"line":50,"column":27}},"loc":{"start":{"line":50,"column":50},"end":{"line":58,"column":1}},"line":50},"6":{"name":"findInFolder","decl":{"start":{"line":60,"column":15},"end":{"line":60,"column":27}},"loc":{"start":{"line":60,"column":53},"end":{"line":68,"column":1}},"line":60}},"branchMap":{"0":{"loc":{"start":{"line":10,"column":4},"end":{"line":15,"column":5}},"type":"if","locations":[{"start":{"line":10,"column":4},"end":{"line":15,"column":5}},{"start":{"line":10,"column":4},"end":{"line":15,"column":5}}],"line":10},"1":{"loc":{"start":{"line":26,"column":4},"end":{"line":31,"column":5}},"type":"if","locations":[{"start":{"line":26,"column":4},"end":{"line":31,"column":5}},{"start":{"line":26,"column":4},"end":{"line":31,"column":5}}],"line":26},"2":{"loc":{"start":{"line":53,"column":4},"end":{"line":55,"column":5}},"type":"if","locations":[{"start":{"line":53,"column":4},"end":{"line":55,"column":5}},{"start":{"line":53,"column":4},"end":{"line":55,"column":5}}],"line":53}},"s":{"0":1,"1":1,"2":1,"3":7,"4":7,"5":7,"6":13,"7":13,"8":6,"9":6,"10":7,"11":7,"12":14,"13":14,"14":14,"15":26,"16":26,"17":26,"18":12,"19":12,"20":14,"21":14,"22":17,"23":17,"24":17,"25":0,"26":15,"27":15,"28":3,"29":3,"30":13,"31":5,"32":3,"33":1,"34":1,"35":1,"36":1,"37":0,"38":1,"39":1,"40":1,"41":1,"42":1,"43":1},"f":{"0":7,"1":13,"2":14,"3":17,"4":15,"5":3,"6":1},"b":{"0":[6,7],"1":[12,14],"2":[5,8]},"inputSourceMap":null,"_coverageSchema":"1a1c01bbd47fc00a2c39e90264f33305004495a9","hash":"918295e3a8fcb581c5cdff2b0fc1f08944c9ef1d"}
}
