TN:
SF:src/getTodos.js
FN:5,getFiles
FN:8,(anonymous_1)
FN:20,getFilesAsync
FN:36,readFile
FN:45,containsTerms
FN:50,getTodoFiles
FN:60,findInFolder
FNF:7
FNH:7
FNDA:7,getFiles
FNDA:13,(anonymous_1)
FNDA:14,getFilesAsync
FNDA:17,readFile
FNDA:15,containsTerms
FNDA:3,getTodoFiles
FNDA:1,findInFolder
DA:1,1
DA:2,1
DA:3,1
DA:6,7
DA:7,7
DA:8,7
DA:9,13
DA:10,13
DA:11,6
DA:12,6
DA:14,7
DA:17,7
DA:21,14
DA:22,14
DA:23,14
DA:24,26
DA:25,26
DA:26,26
DA:27,12
DA:28,12
DA:30,14
DA:33,14
DA:37,17
DA:38,17
DA:39,17
DA:41,0
DA:46,15
DA:47,15
DA:51,3
DA:52,3
DA:53,13
DA:54,5
DA:57,3
DA:61,1
DA:62,1
DA:63,1
DA:64,1
DA:66,0
DA:70,1
DA:71,1
DA:72,1
DA:73,1
DA:74,1
DA:75,1
LF:44
LH:42
BRDA:10,0,0,6
BRDA:10,0,1,7
BRDA:26,1,0,12
BRDA:26,1,1,14
BRDA:53,2,0,5
BRDA:53,2,1,8
BRF:6
BRH:6
end_of_record
